HUB STATUS UPDATE - 2026-03-07 14:02:12 (Europe/Berlin)
=====================================================

SUMMARY:
--------
All primary systems operational. No critical issues detected.

1. JIRA PROJECT STATUS
   - DAHN Project: 0 active issues
   - Availability: ✓ (Jira API reachable)
   - Note: Project exists but has no open development items

2. WEBSITE HEALTH (HTTP 200 Verification)
   ✓ hub.minicon.eu (Command Center)
   ✓ www.minicon.eu (Landing Page)
   ✓ dokukiste.de (SaaS Product - Live)
   ✓ dorfkiste.org (Marketplace - Live)

3. HUB API STATUS
   ✓ /api/companies: 58 records
   ✓ /api/deployments: 92 records
   ✓ Agent activity logging: POST successful (HTTP 201)

4. INFRASTRUCTURE STATUS
   ✓ minicon-web (91.98.30.140 - Hetzner CX23)
     - Traefik (reverse proxy)
     - 12 containers running
     - Status: Online

   ✓ dorfkiste-web (46.225.171.254 - Hetzner CX23)
     - Traefik (reverse proxy)
     - 3 containers running
     - Status: Online

5. DOMAIN STATUS
   ✓ dokukiste.de (DNS active, Cloudflare)
   ✓ minicon.eu (DNS active, Cloudflare)
   ✓ dorfkiste.org (DNS active, Cloudflare)
   ✓ dorfkiste.com (DNS active, Cloudflare)

AGENT ACTIVITY:
   - Agent: Atlas (Project Manager)
   - Status: Online
   - Last Activity: Hub Status Update (automated cron)

ACTIONS COMPLETED:
   [✓] Queried DAHN Jira board
   [✓] Verified all live websites (HTTP 200)
   [✓] Tested Hub API endpoints
   [✓] Confirmed server infrastructure online
   [✓] Logged activity to Hub API (HTTP 201)

ISSUES DETECTED: None

RECOMMENDATIONS:
   - DAHN Jira board has 0 issues; confirm if tracking is needed
   - Continue monitoring website uptime
   - Regular deployment status reviews via Hub API

Next scheduled update: 2026-03-07 15:02 (hourly)
